This file contains any messages produced by compilers while
running configure, to aid debugging if configure makes a mistake.

It was created by configure, which was
generated by GNU Autoconf 2.69.  Invocation command line was

  $ ./configure --disable-option-checking --prefix=/usr/local --with-mpilibs=-L/usr/lib/openmpi/mpi -lmpi --with-mpiinc=-I/usr/lib/openmpi/include --with-mpicc=/usr/bin/mpicc --disable-f77 --cache-file=/dev/null --srcdir=.

## --------- ##
## Platform. ##
## --------- ##

hostname = DESKTOP-24LVE9L
uname -m = x86_64
uname -r = 4.4.0-43-Microsoft
uname -s = Linux
uname -v = #1-Microsoft Wed Dec 31 14:42:53 PST 2014

/usr/bin/uname -p = unknown
/bin/uname -X     = unknown

/bin/arch              = unknown
/usr/bin/arch -k       = unknown
/usr/convex/getsysinfo = unknown
/usr/bin/hostinfo      = unknown
/bin/machine           = unknown
/usr/bin/oslevel       = unknown
/bin/universe          = unknown

PATH: /home/shirong/bin
PATH: /home/shirong/.local/bin
PATH: /usr/local/sbin
PATH: /usr/local/bin
PATH: /usr/sbin
PATH: /usr/bin
PATH: /sbin
PATH: /bin
PATH: /usr/games
PATH: /usr/local/games
PATH: /mnt/c/ProgramData/Oracle/Java/javapath_target_1733663390
PATH: /mnt/c/Windows/System32
PATH: /mnt/c/Windows
PATH: /mnt/c/Windows/System32/wbem
PATH: /mnt/c/Windows/System32/WindowsPowerShell/v1.0
PATH: /mnt/c/Program Files/Java/jdk1.7.0_80/bin
PATH: /mnt/c/Program Files/MATLAB/R2016a/bin
PATH: /mnt/c/Program Files/nodejs
PATH: /mnt/c/Program Files/Git/cmd
PATH: /mnt/c/Program Files/Git/mingw64/bin
PATH: /mnt/c/Program Files/Git/usr/bin
PATH: /mnt/c/Users/Shirong Kou/AppData/Local/Microsoft/WindowsApps
PATH: /mnt/c/Users/Shirong Kou/AppData/Roaming/npm
PATH: /snap/bin


## ----------- ##
## Core tests. ##
## ----------- ##

configure:1825: checking for current directory name
configure:1869: result: /home/shirong/CMDA3634InClass/HW03/Part1/mpe2-2.4.9b/src/slog2sdk
configure:1945: checking gnumake
configure:1960: result: yes using --no-print-directory
configure:1974: checking BSD 4.4 make
configure:1994: result: no - whew
configure:2000: checking OSF V3 make
configure:2019: result: no
configure:2026: checking for virtual path format
configure:2041: result: VPATH
configure:2086: checking for a BSD-compatible install
configure:2154: result: /usr/bin/install -c
configure:2174: checking whether install works
configure:2182: result: yes
configure:2221: checking if CLASSPATH is set
configure:2246: result: no, good to go
configure:2256: checking build system type
configure:2270: result: x86_64-unknown-linux-gnu
configure:2290: checking host system type
configure:2303: result: x86_64-unknown-linux-gnu
configure:2846: checking for java in user's PATH
configure:2848: result: not found
configure:3216: checking for java in user's PATH
configure:3218: result: not found
configure:3230: WARNING:  No Java Virtual Machine can be found anywhere! 

## ---------------- ##
## Cache variables. ##
## ---------------- ##

ac_cv_build=x86_64-unknown-linux-gnu
ac_cv_env_build_alias_set=
ac_cv_env_build_alias_value=
ac_cv_env_host_alias_set=
ac_cv_env_host_alias_value=
ac_cv_env_target_alias_set=
ac_cv_env_target_alias_value=
ac_cv_host=x86_64-unknown-linux-gnu
ac_cv_path_install='/usr/bin/install -c'

## ----------------- ##
## Output variables. ##
## ----------------- ##

DEFS=''
ECHO_C=''
ECHO_N='-n'
ECHO_T=''
EXEFILES=''
INSTALL_DATA='${INSTALL} -m 644'
INSTALL_PROGRAM='${INSTALL}'
INSTALL_SCRIPT='${INSTALL}'
JPATH_FINAL=''
JPATH_START=''
JVM=''
JVMFLAGS=''
LIBOBJS=''
LIBS=''
LTLIBOBJS=''
MAKE='make --no-print-directory'
NONGUI_JVMFLAGS=''
PACKAGE_BUGREPORT=''
PACKAGE_NAME=''
PACKAGE_STRING=''
PACKAGE_TARNAME=''
PACKAGE_URL=''
PACKAGE_VERSION=''
PATH_SEPARATOR=':'
RM='rm -f'
SHELL='/bin/bash'
TRACE_LIBDIR=''
VPATH='VPATH=.:$(srcdir)'
binbuild_dir=''
bindir='${exec_prefix}/bin'
build='x86_64-unknown-linux-gnu'
build_alias=''
build_cpu='x86_64'
build_os='linux-gnu'
build_vendor='unknown'
datadir='${datarootdir}'
datarootdir='${prefix}/share'
docbuild_dir=''
docdir='${datarootdir}/doc/${PACKAGE}'
dvidir='${docdir}'
etcbuild_dir=''
exec_prefix='NONE'
host='x86_64-unknown-linux-gnu'
host_alias=''
host_cpu='x86_64'
host_os='linux-gnu'
host_vendor='unknown'
htmldir='${docdir}'
includedir='${prefix}/include'
infodir='${datarootdir}/info'
libbuild_dir=''
libdir='${exec_prefix}/lib'
libexecdir='${exec_prefix}/libexec'
localedir='${datarootdir}/locale'
localstatedir='${prefix}/var'
mandir='${datarootdir}/man'
oldincludedir='/usr/include'
pdfdir='${docdir}'
prefix='/usr/local'
program_transform_name='s,x,x,'
psdir='${docdir}'
sbinbuild_dir=''
sbindir='${exec_prefix}/sbin'
sharebuild_dir=''
sharedstatedir='${prefix}/com'
subdirs=''
sysconfdir='${prefix}/etc'
target_alias=''
top_srcdir_abs='/home/shirong/CMDA3634InClass/HW03/Part1/mpe2-2.4.9b/src/slog2sdk'

## ----------- ##
## confdefs.h. ##
## ----------- ##

/* confdefs.h */
#define PACKAGE_NAME ""
#define PACKAGE_TARNAME ""
#define PACKAGE_VERSION ""
#define PACKAGE_STRING ""
#define PACKAGE_BUGREPORT ""
#define PACKAGE_URL ""

configure: exit 0
